d:\documents\visual studio 2015\projects\osero\osero\debug\osero.pch
d:\documents\visual studio 2015\projects\osero\osero\debug\vc140.pdb
d:\documents\visual studio 2015\projects\osero\osero\debug\vc140.idb
d:\documents\visual studio 2015\projects\osero\osero\debug\stdafx.obj
d:\documents\visual studio 2015\projects\osero\osero\debug\object.obj
d:\documents\visual studio 2015\projects\osero\osero\debug\baseobject.obj
d:\documents\visual studio 2015\projects\osero\osero\debug\osero.obj
d:\documents\visual studio 2015\projects\osero\osero\debug\input.obj
d:\documents\visual studio 2015\projects\osero\osero\debug\dxfunc.obj
d:\documents\visual studio 2015\projects\osero\osero\debug\objectmgr.obj
d:\documents\visual studio 2015\projects\osero\osero\debug\oseloobject.obj
d:\documents\visual studio 2015\projects\osero\debug\osero.ilk
d:\documents\visual studio 2015\projects\osero\debug\osero.exe
d:\documents\visual studio 2015\projects\osero\debug\osero.pdb
d:\documents\visual studio 2015\projects\osero\osero\debug\osero.res
d:\documents\visual studio 2015\projects\osero\osero\debug\osero.vcxprojresolveassemblyreference.cache
d:\documents\visual studio 2015\projects\osero\osero\debug\osero.tlog\cl.command.1.tlog
d:\documents\visual studio 2015\projects\osero\osero\debug\osero.tlog\cl.read.1.tlog
d:\documents\visual studio 2015\projects\osero\osero\debug\osero.tlog\cl.write.1.tlog
d:\documents\visual studio 2015\projects\osero\osero\debug\osero.tlog\link.command.1.tlog
d:\documents\visual studio 2015\projects\osero\osero\debug\osero.tlog\link.read.1.tlog
d:\documents\visual studio 2015\projects\osero\osero\debug\osero.tlog\link.write.1.tlog
d:\documents\visual studio 2015\projects\osero\osero\debug\osero.tlog\rc.command.1.tlog
d:\documents\visual studio 2015\projects\osero\osero\debug\osero.tlog\rc.read.1.tlog
d:\documents\visual studio 2015\projects\osero\osero\debug\osero.tlog\rc.write.1.tlog
